[06:05:31] [ServerMain/INFO]: Environment: authHost='https://authserver.mojang.com', accountsHost='https://api.mojang.com', sessionHost='https://sessionserver.mojang.com', servicesHost='https://api.minecraftservices.com', name='PROD'
[06:05:32] [ServerMain/INFO]: Loaded 7 recipes
[06:05:33] [Server thread/INFO]: Starting minecraft server version 1.19.4
[06:05:33] [Server thread/INFO]: Loading properties
[06:05:33] [Server thread/INFO]: This server is running CraftBukkit version 3763-Spigot-7d7b241-5a5e43e (MC: 1.19.4) (Implementing API version 1.19.4-R0.1-SNAPSHOT)
[06:05:33] [Server thread/INFO]: Server Ping Player Sample Count: 12
[06:05:33] [Server thread/INFO]: Using 4 threads for Netty based IO
[06:05:33] [Server thread/INFO]: Debug logging is disabled
[06:05:33] [Server thread/INFO]: Default game type: SURVIVAL
[06:05:33] [Server thread/INFO]: Generating keypair
[06:05:33] [Server thread/INFO]: Starting Minecraft server on 127.0.0.1:25565
[06:05:34] [Server thread/INFO]: Using epoll channel type
[06:05:34] [Server thread/WARN]: Initializing Legacy Material Support. Unless you have legacy plugins and/or data this is a bug!
[06:05:36] [Server thread/WARN]: Legacy plugin ClearLag v1.0 does not specify an api-version.
[06:05:36] [Server thread/ERROR]: Could not load 'plugins/clearlag-1.0-SNAPSHOT.jar' in folder 'plugins'
org.bukkit.plugin.InvalidPluginException: Cannot find main class `com.azli.clearlag.ClearLagPlugin'
	at org.bukkit.plugin.java.PluginClassLoader.<init>(PluginClassLoader.java:69) ~[spigot-api-1.19.4-R0.1-SNAPSHOT.jar:?]
	at org.bukkit.plugin.java.JavaPluginLoader.loadPlugin(JavaPluginLoader.java:145) ~[spigot-api-1.19.4-R0.1-SNAPSHOT.jar:?]
	at org.bukkit.plugin.SimplePluginManager.loadPlugin(SimplePluginManager.java:394) ~[spigot-api-1.19.4-R0.1-SNAPSHOT.jar:?]
	at org.bukkit.plugin.SimplePluginManager.loadPlugins(SimplePluginManager.java:301) ~[spigot-api-1.19.4-R0.1-SNAPSHOT.jar:?]
	at org.bukkit.craftbukkit.v1_19_R3.CraftServer.loadPlugins(CraftServer.java:430) ~[spigot-1.19.4-R0.1-SNAPSHOT.jar:3763-Spigot-7d7b241-5a5e43e]
	at net.minecraft.server.dedicated.DedicatedServer.e(DedicatedServer.java:219) ~[spigot-1.19.4-R0.1-SNAPSHOT.jar:3763-Spigot-7d7b241-5a5e43e]
	at net.minecraft.server.MinecraftServer.w(MinecraftServer.java:975) ~[spigot-1.19.4-R0.1-SNAPSHOT.jar:3763-Spigot-7d7b241-5a5e43e]
	at net.minecraft.server.MinecraftServer.lambda$0(MinecraftServer.java:304) ~[spigot-1.19.4-R0.1-SNAPSHOT.jar:3763-Spigot-7d7b241-5a5e43e]
	at java.lang.Thread.run(Thread.java:840) ~[?:?]
Caused by: java.lang.ClassNotFoundException: com.azli.clearlag.ClearLagPlugin
	at org.bukkit.plugin.java.PluginClassLoader.loadClass0(PluginClassLoader.java:147) ~[spigot-api-1.19.4-R0.1-SNAPSHOT.jar:?]
	at org.bukkit.plugin.java.PluginClassLoader.loadClass(PluginClassLoader.java:99) ~[spigot-api-1.19.4-R0.1-SNAPSHOT.jar:?]
	at java.lang.ClassLoader.loadClass(ClassLoader.java:525) ~[?:?]
	at java.lang.Class.forName0(Native Method) ~[?:?]
	at java.lang.Class.forName(Class.java:467) ~[?:?]
	at org.bukkit.plugin.java.PluginClassLoader.<init>(PluginClassLoader.java:67) ~[spigot-api-1.19.4-R0.1-SNAPSHOT.jar:?]
	... 8 more
[06:05:36] [Server thread/ERROR]: Fatal error trying to convert WorldEdit v7.3.6+6892-3d660b8:com/sk89q/worldedit/bukkit/WorldEditPlugin.class
java.lang.IllegalArgumentException: Unsupported class file major version 65
	at org.objectweb.asm.ClassReader.<init>(ClassReader.java:199) ~[asm-9.4.jar:9.4]
	at org.objectweb.asm.ClassReader.<init>(ClassReader.java:180) ~[asm-9.4.jar:9.4]
	at org.objectweb.asm.ClassReader.<init>(ClassReader.java:166) ~[asm-9.4.jar:9.4]
	at org.bukkit.craftbukkit.v1_19_R3.util.Commodore.convert(Commodore.java:128) ~[spigot-1.19.4-R0.1-SNAPSHOT.jar:3763-Spigot-7d7b241-5a5e43e]
	at org.bukkit.craftbukkit.v1_19_R3.util.CraftMagicNumbers.processClass(CraftMagicNumbers.java:342) ~[spigot-1.19.4-R0.1-SNAPSHOT.jar:3763-Spigot-7d7b241-5a5e43e]
	at org.bukkit.plugin.java.PluginClassLoader.findClass(PluginClassLoader.java:170) ~[spigot-api-1.19.4-R0.1-SNAPSHOT.jar:?]
	at java.lang.ClassLoader.loadClass(ClassLoader.java:592) ~[?:?]
	at org.bukkit.plugin.java.PluginClassLoader.loadClass0(PluginClassLoader.java:104) ~[spigot-api-1.19.4-R0.1-SNAPSHOT.jar:?]
	at org.bukkit.plugin.java.PluginClassLoader.loadClass(PluginClassLoader.java:99) ~[spigot-api-1.19.4-R0.1-SNAPSHOT.jar:?]
	at java.lang.ClassLoader.loadClass(ClassLoader.java:525) ~[?:?]
	at java.lang.Class.forName0(Native Method) ~[?:?]
	at java.lang.Class.forName(Class.java:467) ~[?:?]
	at org.bukkit.plugin.java.PluginClassLoader.<init>(PluginClassLoader.java:67) ~[spigot-api-1.19.4-R0.1-SNAPSHOT.jar:?]
	at org.bukkit.plugin.java.JavaPluginLoader.loadPlugin(JavaPluginLoader.java:145) ~[spigot-api-1.19.4-R0.1-SNAPSHOT.jar:?]
	at org.bukkit.plugin.SimplePluginManager.loadPlugin(SimplePluginManager.java:394) ~[spigot-api-1.19.4-R0.1-SNAPSHOT.jar:?]
	at org.bukkit.plugin.SimplePluginManager.loadPlugins(SimplePluginManager.java:301) ~[spigot-api-1.19.4-R0.1-SNAPSHOT.jar:?]
	at org.bukkit.craftbukkit.v1_19_R3.CraftServer.loadPlugins(CraftServer.java:430) ~[spigot-1.19.4-R0.1-SNAPSHOT.jar:3763-Spigot-7d7b241-5a5e43e]
	at net.minecraft.server.dedicated.DedicatedServer.e(DedicatedServer.java:219) ~[spigot-1.19.4-R0.1-SNAPSHOT.jar:3763-Spigot-7d7b241-5a5e43e]
	at net.minecraft.server.MinecraftServer.w(MinecraftServer.java:975) ~[spigot-1.19.4-R0.1-SNAPSHOT.jar:3763-Spigot-7d7b241-5a5e43e]
	at net.minecraft.server.MinecraftServer.lambda$0(MinecraftServer.java:304) ~[spigot-1.19.4-R0.1-SNAPSHOT.jar:3763-Spigot-7d7b241-5a5e43e]
	at java.lang.Thread.run(Thread.java:840) ~[?:?]
[06:05:37] [Server thread/ERROR]: Could not load 'plugins/worldedit-bukkit-7.3.6.jar' in folder 'plugins'
org.bukkit.plugin.InvalidPluginException: java.lang.UnsupportedClassVersionError: com/sk89q/worldedit/bukkit/WorldEditPlugin has been compiled by a more recent version of the Java Runtime (class file version 65.0), this version of the Java Runtime only recognizes class file versions up to 61.0
	at org.bukkit.plugin.java.JavaPluginLoader.loadPlugin(JavaPluginLoader.java:149) ~[spigot-api-1.19.4-R0.1-SNAPSHOT.jar:?]
	at org.bukkit.plugin.SimplePluginManager.loadPlugin(SimplePluginManager.java:394) ~[spigot-api-1.19.4-R0.1-SNAPSHOT.jar:?]
	at org.bukkit.plugin.SimplePluginManager.loadPlugins(SimplePluginManager.java:301) ~[spigot-api-1.19.4-R0.1-SNAPSHOT.jar:?]
	at org.bukkit.craftbukkit.v1_19_R3.CraftServer.loadPlugins(CraftServer.java:430) ~[spigot-1.19.4-R0.1-SNAPSHOT.jar:3763-Spigot-7d7b241-5a5e43e]
	at net.minecraft.server.dedicated.DedicatedServer.e(DedicatedServer.java:219) ~[spigot-1.19.4-R0.1-SNAPSHOT.jar:3763-Spigot-7d7b241-5a5e43e]
	at net.minecraft.server.MinecraftServer.w(MinecraftServer.java:975) ~[spigot-1.19.4-R0.1-SNAPSHOT.jar:3763-Spigot-7d7b241-5a5e43e]
	at net.minecraft.server.MinecraftServer.lambda$0(MinecraftServer.java:304) ~[spigot-1.19.4-R0.1-SNAPSHOT.jar:3763-Spigot-7d7b241-5a5e43e]
	at java.lang.Thread.run(Thread.java:840) ~[?:?]
Caused by: java.lang.UnsupportedClassVersionError: com/sk89q/worldedit/bukkit/WorldEditPlugin has been compiled by a more recent version of the Java Runtime (class file version 65.0), this version of the Java Runtime only recognizes class file versions up to 61.0
	at java.lang.ClassLoader.defineClass1(Native Method) ~[?:?]
	at java.lang.ClassLoader.defineClass(ClassLoader.java:1017) ~[?:?]
	at java.security.SecureClassLoader.defineClass(SecureClassLoader.java:150) ~[?:?]
	at org.bukkit.plugin.java.PluginClassLoader.findClass(PluginClassLoader.java:193) ~[spigot-api-1.19.4-R0.1-SNAPSHOT.jar:?]
	at java.lang.ClassLoader.loadClass(ClassLoader.java:592) ~[?:?]
	at org.bukkit.plugin.java.PluginClassLoader.loadClass0(PluginClassLoader.java:104) ~[spigot-api-1.19.4-R0.1-SNAPSHOT.jar:?]
	at org.bukkit.plugin.java.PluginClassLoader.loadClass(PluginClassLoader.java:99) ~[spigot-api-1.19.4-R0.1-SNAPSHOT.jar:?]
	at java.lang.ClassLoader.loadClass(ClassLoader.java:525) ~[?:?]
	at java.lang.Class.forName0(Native Method) ~[?:?]
	at java.lang.Class.forName(Class.java:467) ~[?:?]
	at org.bukkit.plugin.java.PluginClassLoader.<init>(PluginClassLoader.java:67) ~[spigot-api-1.19.4-R0.1-SNAPSHOT.jar:?]
	at org.bukkit.plugin.java.JavaPluginLoader.loadPlugin(JavaPluginLoader.java:145) ~[spigot-api-1.19.4-R0.1-SNAPSHOT.jar:?]
	... 7 more
[06:05:37] [Server thread/WARN]: Legacy plugin PixelMOTD v9.3.9-SNAPSHOT does not specify an api-version.
[06:05:37] [Server thread/INFO]: [ViaVersion] Loading ViaVersion v5.0.3
[06:05:37] [Server thread/INFO]: [ViaVersion] ViaVersion 5.0.3 is now loaded. Registering protocol transformers and injecting...
[06:05:37] [Via-Mappingloader-0/INFO]: [ViaVersion] Loading block connection mappings ...
[06:05:37] [Via-Mappingloader-0/INFO]: [ViaVersion] Using FastUtil Long2ObjectOpenHashMap for block connections
[06:05:37] [Server thread/INFO]: [ViaBackwards] Loading translations...
[06:05:37] [Server thread/INFO]: [ViaBackwards] Registering protocols...
[06:05:38] [Server thread/INFO]: [3DItems] Loading 3DItems v1.8.4
[06:05:38] [Server thread/INFO]: [ViaBackwards] Loading ViaBackwards v5.0.3
[06:05:38] [Server thread/INFO]: [VillagerWorkstationHighlights] Loading VillagerWorkstationHighlights v1.14.1_1.0.8
[06:05:38] [Server thread/INFO]: [ProtocolLib] Loading ProtocolLib v5.2.0-SNAPSHOT-679
[06:05:38] [Server thread/INFO]: [Orebfuscator] Loading Orebfuscator v5.5.0
[06:05:38] [Server thread/INFO]: [PixelMOTD] Loading PixelMOTD v9.3.9-SNAPSHOT
[06:05:38] [Server thread/INFO]: [LoginSecurity] Loading LoginSecurity v3.2.0
[06:05:38] [Server thread/INFO]: [ProtocolLib] Enabling ProtocolLib v5.2.0-SNAPSHOT-679
[06:05:38] [Server thread/WARN]: **** SERVER IS RUNNING IN OFFLINE/INSECURE MODE!
[06:05:38] [Server thread/WARN]: The server will make no attempt to authenticate usernames. Beware.
[06:05:38] [Server thread/WARN]: While this makes the game possible to play without internet access, it also opens up the ability for hackers to connect with any username they choose.
[06:05:38] [Server thread/WARN]: To change this, set "online-mode" to "true" in the server.properties file.
[06:05:38] [Server thread/INFO]: Preparing level "world"
[06:05:38] [Server thread/INFO]: -------- World Settings For [world] --------
[06:05:38] [Server thread/INFO]: Cactus Growth Modifier: 100%
[06:05:38] [Server thread/INFO]: Cane Growth Modifier: 100%
[06:05:38] [Server thread/INFO]: Melon Growth Modifier: 100%
[06:05:38] [Server thread/INFO]: Mushroom Growth Modifier: 100%
[06:05:38] [Server thread/INFO]: Pumpkin Growth Modifier: 100%
[06:05:38] [Server thread/INFO]: Sapling Growth Modifier: 100%
[06:05:38] [Server thread/INFO]: Beetroot Growth Modifier: 100%
[06:05:38] [Server thread/INFO]: Carrot Growth Modifier: 100%
[06:05:38] [Server thread/INFO]: Potato Growth Modifier: 100%
[06:05:38] [Server thread/INFO]: Wheat Growth Modifier: 100%
[06:05:38] [Server thread/INFO]: NetherWart Growth Modifier: 100%
[06:05:38] [Server thread/INFO]: Vine Growth Modifier: 100%
[06:05:38] [Server thread/INFO]: Cocoa Growth Modifier: 100%
[06:05:38] [Server thread/INFO]: Bamboo Growth Modifier: 100%
[06:05:38] [Server thread/INFO]: SweetBerry Growth Modifier: 100%
[06:05:38] [Server thread/INFO]: Kelp Growth Modifier: 100%
[06:05:38] [Server thread/INFO]: TwistingVines Growth Modifier: 100%
[06:05:38] [Server thread/INFO]: WeepingVines Growth Modifier: 100%
[06:05:38] [Server thread/INFO]: CaveVines Growth Modifier: 100%
[06:05:38] [Server thread/INFO]: Entity Activation Range: An 32 / Mo 32 / Ra 48 / Mi 16 / Tiv true / Isa false
[06:05:38] [Server thread/INFO]: Entity Tracking Range: Pl 48 / An 48 / Mo 48 / Mi 32 / Di 128 / Other 64
[06:05:38] [Server thread/INFO]: Hopper Transfer: 8 Hopper Check: 1 Hopper Amount: 1 Hopper Can Load Chunks: false
[06:05:38] [Server thread/INFO]: Experience Merge Radius: 3.0
[06:05:38] [Server thread/INFO]: Mob Spawn Range: 6
[06:05:38] [Server thread/INFO]: Custom Map Seeds:  Village: 10387312 Desert: 14357617 Igloo: 14357618 Jungle: 14357619 Swamp: 14357620 Monument: 10387313 Ocean: 14357621 Shipwreck: 165745295 End City: 10387313 Slime: 987234911 Nether: 30084232 Mansion: 10387319 Fossil: 14357921 Portal: 34222645
[06:05:38] [Server thread/INFO]: Max TNT Explosions: 100
[06:05:38] [Server thread/INFO]: Tile Max Tick Time: 50ms Entity max Tick Time: 50ms
[06:05:38] [Server thread/INFO]: View Distance: 10
[06:05:38] [Server thread/INFO]: Simulation Distance: 10
[06:05:38] [Server thread/INFO]: Item Despawn Rate: 6000
[06:05:38] [Server thread/INFO]: Item Merge Radius: 2.5
[06:05:38] [Server thread/INFO]: Allow Zombie Pigmen to spawn from portal blocks: true
[06:05:38] [Server thread/INFO]: Arrow Despawn Rate: 1200 Trident Respawn Rate:1200
[06:05:38] [Server thread/INFO]: Zombie Aggressive Towards Villager: true
[06:05:38] [Server thread/INFO]: Nerfing mobs spawned from spawners: false
[06:05:39] [Server thread/INFO]: -------- World Settings For [world_nether] --------
[06:05:39] [Server thread/INFO]: Cactus Growth Modifier: 100%
[06:05:39] [Server thread/INFO]: Cane Growth Modifier: 100%
[06:05:39] [Server thread/INFO]: Melon Growth Modifier: 100%
[06:05:39] [Server thread/INFO]: Mushroom Growth Modifier: 100%
[06:05:39] [Server thread/INFO]: Pumpkin Growth Modifier: 100%
[06:05:39] [Server thread/INFO]: Sapling Growth Modifier: 100%
[06:05:39] [Server thread/INFO]: Beetroot Growth Modifier: 100%
[06:05:39] [Server thread/INFO]: Carrot Growth Modifier: 100%
[06:05:39] [Server thread/INFO]: Potato Growth Modifier: 100%
[06:05:39] [Server thread/INFO]: Wheat Growth Modifier: 100%
[06:05:39] [Server thread/INFO]: NetherWart Growth Modifier: 100%
[06:05:39] [Server thread/INFO]: Vine Growth Modifier: 100%
[06:05:39] [Server thread/INFO]: Cocoa Growth Modifier: 100%
[06:05:39] [Server thread/INFO]: Bamboo Growth Modifier: 100%
[06:05:39] [Server thread/INFO]: SweetBerry Growth Modifier: 100%
[06:05:39] [Server thread/INFO]: Kelp Growth Modifier: 100%
[06:05:39] [Server thread/INFO]: TwistingVines Growth Modifier: 100%
[06:05:39] [Server thread/INFO]: WeepingVines Growth Modifier: 100%
[06:05:39] [Server thread/INFO]: CaveVines Growth Modifier: 100%
[06:05:39] [Server thread/INFO]: Entity Activation Range: An 32 / Mo 32 / Ra 48 / Mi 16 / Tiv true / Isa false
[06:05:39] [Server thread/INFO]: Entity Tracking Range: Pl 48 / An 48 / Mo 48 / Mi 32 / Di 128 / Other 64
[06:05:39] [Server thread/INFO]: Hopper Transfer: 8 Hopper Check: 1 Hopper Amount: 1 Hopper Can Load Chunks: false
[06:05:39] [Server thread/INFO]: Experience Merge Radius: 3.0
[06:05:39] [Server thread/INFO]: Mob Spawn Range: 6
[06:05:39] [Server thread/INFO]: Custom Map Seeds:  Village: 10387312 Desert: 14357617 Igloo: 14357618 Jungle: 14357619 Swamp: 14357620 Monument: 10387313 Ocean: 14357621 Shipwreck: 165745295 End City: 10387313 Slime: 987234911 Nether: 30084232 Mansion: 10387319 Fossil: 14357921 Portal: 34222645
[06:05:39] [Server thread/INFO]: Max TNT Explosions: 100
[06:05:39] [Server thread/INFO]: Tile Max Tick Time: 50ms Entity max Tick Time: 50ms
[06:05:39] [Server thread/INFO]: View Distance: 10
[06:05:39] [Server thread/INFO]: Simulation Distance: 10
[06:05:39] [Server thread/INFO]: Item Despawn Rate: 6000
[06:05:39] [Server thread/INFO]: Item Merge Radius: 2.5
[06:05:39] [Server thread/INFO]: Allow Zombie Pigmen to spawn from portal blocks: true
[06:05:39] [Server thread/INFO]: Arrow Despawn Rate: 1200 Trident Respawn Rate:1200
[06:05:39] [Server thread/INFO]: Zombie Aggressive Towards Villager: true
[06:05:39] [Server thread/INFO]: Nerfing mobs spawned from spawners: false
[06:05:41] [Server thread/INFO]: -------- World Settings For [world_the_end] --------
[06:05:41] [Server thread/INFO]: Cactus Growth Modifier: 100%
[06:05:41] [Server thread/INFO]: Cane Growth Modifier: 100%
[06:05:41] [Server thread/INFO]: Melon Growth Modifier: 100%
[06:05:41] [Server thread/INFO]: Mushroom Growth Modifier: 100%
[06:05:41] [Server thread/INFO]: Pumpkin Growth Modifier: 100%
[06:05:41] [Server thread/INFO]: Sapling Growth Modifier: 100%
[06:05:41] [Server thread/INFO]: Beetroot Growth Modifier: 100%
[06:05:41] [Server thread/INFO]: Carrot Growth Modifier: 100%
[06:05:41] [Server thread/INFO]: Potato Growth Modifier: 100%
[06:05:41] [Server thread/INFO]: Wheat Growth Modifier: 100%
[06:05:41] [Server thread/INFO]: NetherWart Growth Modifier: 100%
[06:05:41] [Server thread/INFO]: Vine Growth Modifier: 100%
[06:05:41] [Server thread/INFO]: Cocoa Growth Modifier: 100%
[06:05:41] [Server thread/INFO]: Bamboo Growth Modifier: 100%
[06:05:41] [Server thread/INFO]: SweetBerry Growth Modifier: 100%
[06:05:41] [Server thread/INFO]: Kelp Growth Modifier: 100%
[06:05:41] [Server thread/INFO]: TwistingVines Growth Modifier: 100%
[06:05:41] [Server thread/INFO]: WeepingVines Growth Modifier: 100%
[06:05:41] [Server thread/INFO]: CaveVines Growth Modifier: 100%
[06:05:41] [Server thread/INFO]: Entity Activation Range: An 32 / Mo 32 / Ra 48 / Mi 16 / Tiv true / Isa false
[06:05:41] [Server thread/INFO]: Entity Tracking Range: Pl 48 / An 48 / Mo 48 / Mi 32 / Di 128 / Other 64
[06:05:41] [Server thread/INFO]: Hopper Transfer: 8 Hopper Check: 1 Hopper Amount: 1 Hopper Can Load Chunks: false
[06:05:41] [Server thread/INFO]: Experience Merge Radius: 3.0
[06:05:41] [Server thread/INFO]: Mob Spawn Range: 6
[06:05:41] [Server thread/INFO]: Custom Map Seeds:  Village: 10387312 Desert: 14357617 Igloo: 14357618 Jungle: 14357619 Swamp: 14357620 Monument: 10387313 Ocean: 14357621 Shipwreck: 165745295 End City: 10387313 Slime: 987234911 Nether: 30084232 Mansion: 10387319 Fossil: 14357921 Portal: 34222645
[06:05:41] [Server thread/INFO]: Max TNT Explosions: 100
[06:05:41] [Server thread/INFO]: Tile Max Tick Time: 50ms Entity max Tick Time: 50ms
[06:05:41] [Server thread/INFO]: View Distance: 10
[06:05:41] [Server thread/INFO]: Simulation Distance: 10
[06:05:41] [Server thread/INFO]: Item Despawn Rate: 6000
[06:05:41] [Server thread/INFO]: Item Merge Radius: 2.5
[06:05:41] [Server thread/INFO]: Allow Zombie Pigmen to spawn from portal blocks: true
[06:05:41] [Server thread/INFO]: Arrow Despawn Rate: 1200 Trident Respawn Rate:1200
[06:05:41] [Server thread/INFO]: Zombie Aggressive Towards Villager: true
[06:05:41] [Server thread/INFO]: Nerfing mobs spawned from spawners: false
[06:05:41] [Server thread/INFO]: Preparing start region for dimension minecraft:overworld
[06:05:45] [Worker-Main-1/INFO]: Preparing spawn area: 0%
[06:05:45] [Worker-Main-3/INFO]: Preparing spawn area: 0%
[06:05:45] [Worker-Main-2/INFO]: Preparing spawn area: 0%
[06:05:45] [Worker-Main-1/INFO]: Preparing spawn area: 0%
[06:05:45] [Worker-Main-2/INFO]: Preparing spawn area: 0%
[06:05:45] [Worker-Main-2/INFO]: Preparing spawn area: 0%
[06:05:45] [Worker-Main-2/INFO]: Preparing spawn area: 0%
[06:05:45] [Worker-Main-2/INFO]: Preparing spawn area: 0%
[06:05:45] [Worker-Main-3/INFO]: Preparing spawn area: 0%
[06:05:46] [Worker-Main-3/INFO]: Preparing spawn area: 36%
[06:05:46] [Worker-Main-2/INFO]: Preparing spawn area: 94%
[06:05:46] [Server thread/INFO]: Time elapsed: 5146 ms
[06:05:46] [Server thread/INFO]: Preparing start region for dimension minecraft:the_nether
[06:05:48] [Worker-Main-3/INFO]: Preparing spawn area: 0%
[06:05:48] [Worker-Main-3/INFO]: Preparing spawn area: 0%
[06:05:48] [Worker-Main-2/INFO]: Preparing spawn area: 0%
[06:05:48] [Worker-Main-2/INFO]: Preparing spawn area: 0%
[06:05:48] [Worker-Main-3/INFO]: Preparing spawn area: 0%
[06:05:49] [Worker-Main-2/INFO]: Preparing spawn area: 54%
[06:05:49] [Server thread/INFO]: Time elapsed: 2701 ms
[06:05:49] [Server thread/INFO]: Preparing start region for dimension minecraft:the_end
[06:05:51] [Worker-Main-2/INFO]: Preparing spawn area: 0%
[06:05:51] [Worker-Main-2/INFO]: Preparing spawn area: 0%
[06:05:51] [Worker-Main-2/INFO]: Preparing spawn area: 0%
[06:05:51] [Worker-Main-2/INFO]: Preparing spawn area: 0%
[06:05:51] [Worker-Main-2/INFO]: Preparing spawn area: 38%
[06:05:51] [Server thread/INFO]: Time elapsed: 2302 ms
[06:05:51] [Server thread/INFO]: [ViaVersion] Enabling ViaVersion v5.0.3
[06:05:51] [Server thread/INFO]: [ViaVersion] ViaVersion detected server version: 1.19.4 (762)
[06:05:51] [Server thread/INFO]: [3DItems] Enabling 3DItems v1.8.4
[06:05:51] [Server thread/INFO]: [3DItems] Locating Class Locations..
[06:05:51] [Server thread/INFO]: [3DItems] Successfully identified all necessary Class Locations!
[06:05:51] [Server thread/INFO]: [3DItems] Initialized Fields and Methods
[06:05:51] [Server thread/INFO]: [ViaBackwards] Enabling ViaBackwards v5.0.3
[06:05:51] [Server thread/INFO]: [VillagerWorkstationHighlights] Enabling VillagerWorkstationHighlights v1.14.1_1.0.8
[06:05:51] [Server thread/INFO]: [m[[0;33;1mVillagerWorkstationHighlights[m] [0;33;1m**************************************[m[m
[06:05:51] [Server thread/INFO]: [m[[0;33;1mVillagerWorkstationHighlights[m] [0;32;1mv1.14.1_1.0.8[m Loading...[m
[06:05:51] [Server thread/INFO]: [m[[0;33;1mVillagerWorkstationHighlights[m] Jar Filename: VillagerWorkstationHighlights-1.14.1_1.0.8.jar[m
[06:05:51] [Server thread/INFO]: [m[[0;33;1mVillagerWorkstationHighlights[m] Server Version: 3763-Spigot-7d7b241-5a5e43e (MC: 1.19.4)[m
[06:05:51] [Server thread/INFO]: [m[[0;33;1mVillagerWorkstationHighlights[m] DEV Version Check...[m
[06:05:51] [Server thread/INFO]: [m[[0;33;1mVillagerWorkstationHighlights[m] : Loading Config File...[m
[06:05:51] [Server thread/INFO]: [m[[0;33;1mVillagerWorkstationHighlights[m] plugins/VillagerWorkstationHighlights/config.yml[m
[06:05:51] [Server thread/INFO]: Checking for updates...[m
[06:05:52] [Server thread/WARN]: §ccurrentVersion=1.14.1_1.0.8
[06:05:52] [Server thread/WARN]: §creleaseVersion=1.14.1_1.0.8
[06:05:52] [Server thread/WARN]: §cdeveloperVersion=1.14.1_1.0.7.D1
[06:05:52] [Server thread/INFO]: [m[[0;33;1mVillagerWorkstationHighlights[m] *!*!*!*!*!*!*!*!*!*!*!*!*!*!*!*!*!*!*!*!*!*!*!*!*!*!*!*[m
[06:05:52] [Server thread/INFO]: [m[[0;33;1mVillagerWorkstationHighlights[m] * Version is up to date![m
[06:05:52] [Server thread/INFO]: [m[[0;33;1mVillagerWorkstationHighlights[m] * Donate: https://ko-fi.com/joelgodofwar[m
[06:05:52] [Server thread/INFO]: [m[[0;33;1mVillagerWorkstationHighlights[m] *!*!*!*!*!*!*!*!*!*!*!*!*!*!*!*!*!*!*!*!*!*!*!*!*!*!*!*[m
[06:05:52] [Server thread/INFO]: [m[[0;33;1mVillagerWorkstationHighlights[m] [0;33;1m v1.14.1_1.0.8[m is ENABLED - Loading took 901 ms.[m[m
[06:05:52] [Server thread/INFO]: [Orebfuscator] Enabling Orebfuscator v5.5.0
[06:05:53] [Server thread/INFO]: [PixelMOTD] Enabling PixelMOTD v9.3.9-SNAPSHOT
[06:05:53] [Server thread/INFO]: [0;33;1mPixelMOTD | [0;37;1m[0;37;22mFile [0;33;1msettings.yml [0;37;22mhas been loaded[m
[06:05:53] [Server thread/INFO]: [0;33;1mPixelMOTD | [0;37;1m[0;37;22mFile [0;33;1msettings.yml [0;37;22mhas been loaded[m
[06:05:53] [Server thread/INFO]: [0;33;1mPixelMOTD | [0;37;1m[0;37;22mFile [0;33;1mcommands.yml [0;37;22mhas been loaded[m
[06:05:53] [Server thread/INFO]: [0;33;1mPixelMOTD | [0;37;1m[0;37;22mFile [0;33;1msettings.yml [0;37;22mhas been loaded[m
[06:05:53] [Server thread/INFO]: [0;33;1mPixelMOTD | [0;37;1m[0;37;22mFile [0;33;1mevents.yml [0;37;22mhas been loaded[m
[06:05:53] [Server thread/INFO]: [0;33;1mPixelMOTD | [0;37;1m[0;37;1mUpdater has been disabled for now...[m
[06:05:53] [Server thread/INFO]: [0;33;1mPixelMOTD | [0;37;1m[0;37;22mFile [0;33;1men.yml [0;37;22mhas been loaded[m
[06:05:53] [Server thread/INFO]: [0;33;1mPixelMOTD | [0;37;1mMessages are loaded from Lang files successfully.[m
[06:05:53] [Server thread/INFO]: [0;33;1mPixelMOTD | [0;37;1mLoading icons[m
[06:05:53] [Server thread/INFO]: [0;33;1mPixelMOTD | [0;37;1m[0;37;22mFile [0;33;1mone.yml [0;37;22mhas been loaded[m
[06:05:53] [Server thread/INFO]: [0;33;1mPixelMOTD | [0;37;1m[0;37;22mFile [0;33;1msix.yml [0;37;22mhas been loaded[m
[06:05:53] [Server thread/INFO]: [0;33;1mPixelMOTD | [0;37;1m[0;37;22mFile [0;33;1mtwo.yml [0;37;22mhas been loaded[m
[06:05:53] [Server thread/INFO]: [0;33;1mPixelMOTD | [0;37;1m[0;37;22mFile [0;33;1mfive.yml [0;37;22mhas been loaded[m
[06:05:53] [Server thread/INFO]: [0;33;1mPixelMOTD | [0;37;1m[0;37;22mFile [0;33;1mthree.yml [0;37;22mhas been loaded[m
[06:05:53] [Server thread/INFO]: [0;33;1mPixelMOTD | [0;37;1m[0;37;22mFile [0;33;1mfour.yml [0;37;22mhas been loaded[m
[06:05:53] [Server thread/INFO]: [0;33;1mPixelMOTD | [0;37;1mUsing ProtocolLib for motds, enabling all features...[m
[06:05:53] [Server thread/INFO]: [LoginSecurity] Enabling LoginSecurity v3.2.0
[06:05:53] [Server thread/INFO]: [LoginSecurity] Loading base translations from "en_us"
[06:05:53] [Server thread/INFO]: [LoginSecurity] Loading specified translations from "en_us"
[06:05:53] [Server thread/INFO]: [LoginSecurity] Registering commands...
[06:05:53] [Server thread/INFO]: [LoginSecurity] Registering listeners...
[06:05:53] [Server thread/INFO]: [LoginSecurity] Using 1.12+ map captcha renderer
[06:05:53] [Server thread/INFO]: Server permissions file permissions.yml is empty, ignoring it
[06:05:53] [Server thread/INFO]: Done (14.416s)! For help, type "help"
[06:05:53] [Craft Scheduler Thread - 1/INFO]: [ViaVersion] Finished mapping loading, shutting down loader executor!
[06:05:54] [Server thread/INFO]: [0;33;1m[ProtocolLib] The updater found an update: 5.2.0 (Running 5.2.0-SNAPSHOT-679). Download at https://www.spigotmc.org/resources/protocollib.1997/[m
[06:08:51] [Server thread/INFO]: Stopping the server
[06:08:51] [Server thread/INFO]: Stopping server
[06:08:51] [Server thread/INFO]: [LoginSecurity] Disabling LoginSecurity v3.2.0
[06:08:51] [Server thread/INFO]: [LoginSecurity] Waiting for queued tasks...
[06:08:51] [Server thread/INFO]: [LoginSecurity] ExecutorService shut down, ready to disable.
[06:08:51] [Server thread/INFO]: [PixelMOTD] Disabling PixelMOTD v9.3.9-SNAPSHOT
[06:08:51] [Server thread/INFO]: [Orebfuscator] Disabling Orebfuscator v5.5.0
[06:08:51] [Server thread/INFO]: [ProtocolLib] Disabling ProtocolLib v5.2.0-SNAPSHOT-679
[06:08:51] [Server thread/INFO]: [VillagerWorkstationHighlights] Disabling VillagerWorkstationHighlights v1.14.1_1.0.8
[06:08:51] [Server thread/INFO]: [m[[0;33;1mVillagerWorkstationHighlights[m] [0;33;1m v1.14.1_1.0.8[m is DISABLED[m[m
[06:08:51] [Server thread/INFO]: [ViaBackwards] Disabling ViaBackwards v5.0.3
[06:08:51] [Server thread/INFO]: [3DItems] Disabling 3DItems v1.8.4
[06:08:51] [Server thread/INFO]: [ViaVersion] Disabling ViaVersion v5.0.3
[06:08:51] [Server thread/INFO]: [ViaVersion] ViaVersion is disabling. If this is a reload and you experience issues, please reboot instead.
[06:08:51] [Server thread/INFO]: [ViaVersion] ViaVersion has been disabled; uninjected the platform and shut down the scheduler.
[06:08:51] [Server thread/INFO]: Saving players
[06:08:51] [Server thread/INFO]: Saving worlds
[06:08:53] [Server thread/INFO]: Saving chunks for level 'ServerLevel[world]'/minecraft:overworld
[06:09:07] [Server thread/INFO]: Saving chunks for level 'ServerLevel[world_nether]'/minecraft:the_nether
[06:09:19] [Server thread/INFO]: Saving chunks for level 'ServerLevel[world_the_end]'/minecraft:the_end
[06:09:19] [Server thread/INFO]: ThreadedAnvilChunkStorage (world): All chunks are saved
[06:09:19] [Server thread/INFO]: ThreadedAnvilChunkStorage (DIM-1): All chunks are saved
[06:09:19] [Server thread/INFO]: ThreadedAnvilChunkStorage (DIM1): All chunks are saved
[06:09:19] [Server thread/INFO]: ThreadedAnvilChunkStorage: All dimensions are saved
